<?xml version="1.0" encoding="utf-8"?>
<testsuites tests="0" failures="0" errors="0" time="00:00:00.0002726" />